Analysis & Synthesis report for ProjetoCPU
Sun Oct 12 19:30:57 2025
Quartus Prime Version 24.1std.0 Build 1077 03/04/2025 SC Lite Edition


---------------------
; Table of Contents ;
---------------------
  1. Legal Notice
  2. Analysis & Synthesis Summary
  3. Analysis & Synthesis Settings
  4. Parallel Compilation
  5. Analysis & Synthesis Source Files Read
  6. Analysis & Synthesis Resource Usage Summary
  7. Analysis & Synthesis Resource Utilization by Entity
  8. Analysis & Synthesis RAM Summary
  9. General Register Statistics
 10. Multiplexer Restructuring Statistics (Restructuring Performed)
 11. Source assignments for memoria:inst14|rom:inst4|altsyncram:altsyncram_component|altsyncram_5p91:auto_generated
 12. Parameter Settings for User Entity Instance: memoria:inst14|rom:inst4|altsyncram:altsyncram_component
 13. Parameter Settings for User Entity Instance: debouncer:inst100
 14. Parameter Settings for User Entity Instance: registrador:inst11|asMU2:inst11|lpm_mux:LPM_MUX_component
 15. Parameter Settings for User Entity Instance: registrador:inst11|asMU2:inst|lpm_mux:LPM_MUX_component
 16. Parameter Settings for User Entity Instance: registrador:inst11|asMU2:inst8|lpm_mux:LPM_MUX_component
 17. Parameter Settings for User Entity Instance: registrador:inst11|asMU2:inst10|lpm_mux:LPM_MUX_component
 18. Parameter Settings for User Entity Instance: ula:inst27|saMU4:inst|lpm_mux:LPM_MUX_component
 19. Parameter Settings for User Entity Instance: saMU4:inst21|lpm_mux:LPM_MUX_component
 20. Parameter Settings for User Entity Instance: registrador:inst12|asMU2:inst11|lpm_mux:LPM_MUX_component
 21. Parameter Settings for User Entity Instance: registrador:inst12|asMU2:inst|lpm_mux:LPM_MUX_component
 22. Parameter Settings for User Entity Instance: registrador:inst12|asMU2:inst8|lpm_mux:LPM_MUX_component
 23. Parameter Settings for User Entity Instance: registrador:inst12|asMU2:inst10|lpm_mux:LPM_MUX_component
 24. altsyncram Parameter Settings by Entity Instance
 25. Post-Synthesis Netlist Statistics for Top Partition
 26. Elapsed Time Per Partition
 27. Analysis & Synthesis Messages



----------------
; Legal Notice ;
----------------
Copyright (C) 2025  Altera Corporation. All rights reserved.
Your use of Altera Corporation's design tools, logic functions 
and other software and tools, and any partner logic 
functions, and any output files from any of the foregoing 
(including device programming or simulation files), and any 
associated documentation or information are expressly subject 
to the terms and conditions of the Altera Program License 
Subscription Agreement, the Altera Quartus Prime License Agreement,
the Altera IP License Agreement, or other applicable license
agreement, including, without limitation, that your use is for
the sole purpose of programming logic devices manufactured by
Altera and sold by Altera or its authorized distributors.  Please
refer to the Altera Software License Subscription Agreements 
on the Quartus Prime software download page.



+--------------------------------------------------------------------------------------+
; Analysis & Synthesis Summary                                                         ;
+------------------------------------+-------------------------------------------------+
; Analysis & Synthesis Status        ; Successful - Sun Oct 12 19:30:57 2025           ;
; Quartus Prime Version              ; 24.1std.0 Build 1077 03/04/2025 SC Lite Edition ;
; Revision Name                      ; ProjetoCPU                                      ;
; Top-level Entity Name              ; ProjetoCPU                                      ;
; Family                             ; Cyclone IV E                                    ;
; Total logic elements               ; 144                                             ;
;     Total combinational functions  ; 140                                             ;
;     Dedicated logic registers      ; 34                                              ;
; Total registers                    ; 34                                              ;
; Total pins                         ; 92                                              ;
; Total virtual pins                 ; 0                                               ;
; Total memory bits                  ; 4,096                                           ;
; Embedded Multiplier 9-bit elements ; 0                                               ;
; Total PLLs                         ; 0                                               ;
+------------------------------------+-------------------------------------------------+


+------------------------------------------------------------------------------------------------------------+
; Analysis & Synthesis Settings                                                                              ;
+------------------------------------------------------------------+--------------------+--------------------+
; Option                                                           ; Setting            ; Default Value      ;
+------------------------------------------------------------------+--------------------+--------------------+
; Device                                                           ; EP4CE115F29C7      ;                    ;
; Top-level entity name                                            ; ProjetoCPU         ; ProjetoCPU         ;
; Family name                                                      ; Cyclone IV E       ; Cyclone V          ;
; Use smart compilation                                            ; Off                ; Off                ;
; Enable parallel Assembler and Timing Analyzer during compilation ; On                 ; On                 ;
; Enable compact report table                                      ; Off                ; Off                ;
; Restructure Multiplexers                                         ; Auto               ; Auto               ;
; Create Debugging Nodes for IP Cores                              ; Off                ; Off                ;
; Preserve fewer node names                                        ; On                 ; On                 ;
; Intel FPGA IP Evaluation Mode                                    ; Enable             ; Enable             ;
; Verilog Version                                                  ; Verilog_2001       ; Verilog_2001       ;
; VHDL Version                                                     ; VHDL_1993          ; VHDL_1993          ;
; State Machine Processing                                         ; Auto               ; Auto               ;
; Safe State Machine                                               ; Off                ; Off                ;
; Extract Verilog State Machines                                   ; On                 ; On                 ;
; Extract VHDL State Machines                                      ; On                 ; On                 ;
; Ignore Verilog initial constructs                                ; Off                ; Off                ;
; Iteration limit for constant Verilog loops                       ; 5000               ; 5000               ;
; Iteration limit for non-constant Verilog loops                   ; 250                ; 250                ;
; Add Pass-Through Logic to Inferred RAMs                          ; On                 ; On                 ;
; Infer RAMs from Raw Logic                                        ; On                 ; On                 ;
; Parallel Synthesis                                               ; On                 ; On                 ;
; DSP Block Balancing                                              ; Auto               ; Auto               ;
; NOT Gate Push-Back                                               ; On                 ; On                 ;
; Power-Up Don't Care                                              ; On                 ; On                 ;
; Remove Redundant Logic Cells                                     ; Off                ; Off                ;
; Remove Duplicate Registers                                       ; On                 ; On                 ;
; Ignore CARRY Buffers                                             ; Off                ; Off                ;
; Ignore CASCADE Buffers                                           ; Off                ; Off                ;
; Ignore GLOBAL Buffers                                            ; Off                ; Off                ;
; Ignore ROW GLOBAL Buffers                                        ; Off                ; Off                ;
; Ignore LCELL Buffers                                             ; Off                ; Off                ;
; Ignore SOFT Buffers                                              ; On                 ; On                 ;
; Limit AHDL Integers to 32 Bits                                   ; Off                ; Off                ;
; Optimization Technique                                           ; Balanced           ; Balanced           ;
; Carry Chain Length                                               ; 70                 ; 70                 ;
; Auto Carry Chains                                                ; On                 ; On                 ;
; Auto Open-Drain Pins                                             ; On                 ; On                 ;
; Perform WYSIWYG Primitive Resynthesis                            ; Off                ; Off                ;
; Auto ROM Replacement                                             ; On                 ; On                 ;
; Auto RAM Replacement                                             ; On                 ; On                 ;
; Auto DSP Block Replacement                                       ; On                 ; On                 ;
; Auto Shift Register Replacement                                  ; Auto               ; Auto               ;
; Allow Shift Register Merging across Hierarchies                  ; Auto               ; Auto               ;
; Auto Clock Enable Replacement                                    ; On                 ; On                 ;
; Strict RAM Replacement                                           ; Off                ; Off                ;
; Allow Synchronous Control Signals                                ; On                 ; On                 ;
; Force Use of Synchronous Clear Signals                           ; Off                ; Off                ;
; Auto RAM Block Balancing                                         ; On                 ; On                 ;
; Auto RAM to Logic Cell Conversion                                ; Off                ; Off                ;
; Auto Resource Sharing                                            ; Off                ; Off                ;
; Allow Any RAM Size For Recognition                               ; Off                ; Off                ;
; Allow Any ROM Size For Recognition                               ; Off                ; Off                ;
; Allow Any Shift Register Size For Recognition                    ; Off                ; Off                ;
; Use LogicLock Constraints during Resource Balancing              ; On                 ; On                 ;
; Ignore translate_off and synthesis_off directives                ; Off                ; Off                ;
; Timing-Driven Synthesis                                          ; On                 ; On                 ;
; Report Parameter Settings                                        ; On                 ; On                 ;
; Report Source Assignments                                        ; On                 ; On                 ;
; Report Connectivity Checks                                       ; On                 ; On                 ;
; Ignore Maximum Fan-Out Assignments                               ; Off                ; Off                ;
; Synchronization Register Chain Length                            ; 2                  ; 2                  ;
; Power Optimization During Synthesis                              ; Normal compilation ; Normal compilation ;
; HDL message level                                                ; Level2             ; Level2             ;
; Suppress Register Optimization Related Messages                  ; Off                ; Off                ;
; Number of Removed Registers Reported in Synthesis Report         ; 5000               ; 5000               ;
; Number of Swept Nodes Reported in Synthesis Report               ; 5000               ; 5000               ;
; Number of Inverted Registers Reported in Synthesis Report        ; 100                ; 100                ;
; Clock MUX Protection                                             ; On                 ; On                 ;
; Auto Gated Clock Conversion                                      ; Off                ; Off                ;
; Block Design Naming                                              ; Auto               ; Auto               ;
; SDC constraint protection                                        ; Off                ; Off                ;
; Synthesis Effort                                                 ; Auto               ; Auto               ;
; Shift Register Replacement - Allow Asynchronous Clear Signal     ; On                 ; On                 ;
; Pre-Mapping Resynthesis Optimization                             ; Off                ; Off                ;
; Analysis & Synthesis Message Level                               ; Medium             ; Medium             ;
; Disable Register Merging Across Hierarchies                      ; Auto               ; Auto               ;
; Resource Aware Inference For Block RAM                           ; On                 ; On                 ;
+------------------------------------------------------------------+--------------------+--------------------+


+------------------------------------------+
; Parallel Compilation                     ;
+----------------------------+-------------+
; Processors                 ; Number      ;
+----------------------------+-------------+
; Number detected on machine ; 12          ;
; Maximum allowed            ; 8           ;
;                            ;             ;
; Average used               ; 1.00        ;
; Maximum used               ; 8           ;
;                            ;             ;
; Usage by Processor         ; % Time Used ;
;     Processor 1            ; 100.0%      ;
;     Processors 2-8         ;   0.0%      ;
+----------------------------+-------------+


+-------------------------------------------------------------------------------------------------------------------------------------------------------------------------------------------+
; Analysis & Synthesis Source Files Read                                                                                                                                                    ;
+----------------------------------+-----------------+------------------------------------------+---------------------------------------------------------------------------------+---------+
; File Name with User-Entered Path ; Used in Netlist ; File Type                                ; File Name with Absolute Path                                                    ; Library ;
+----------------------------------+-----------------+------------------------------------------+---------------------------------------------------------------------------------+---------+
; ProjetoCPU.bdf                   ; yes             ; User Block Diagram/Schematic File        ; C:/Users/16885592/Desktop/ProjetoCPU/ProjetoCPU.bdf                             ;         ;
; controle.bdf                     ; yes             ; Auto-Found Block Diagram/Schematic File  ; C:/Users/16885592/Desktop/ProjetoCPU/controle.bdf                               ;         ;
; demu4.bdf                        ; yes             ; Auto-Found Block Diagram/Schematic File  ; C:/Users/16885592/Desktop/ProjetoCPU/demu4.bdf                                  ;         ;
; memoria.bdf                      ; yes             ; Auto-Found Block Diagram/Schematic File  ; C:/Users/16885592/Desktop/ProjetoCPU/memoria.bdf                                ;         ;
; rom.v                            ; yes             ; Auto-Found Wizard-Generated File         ; C:/Users/16885592/Desktop/ProjetoCPU/rom.v                                      ;         ;
; altsyncram.tdf                   ; yes             ; Megafunction                             ; c:/intelfpga_lite/24.1std/quartus/libraries/megafunctions/altsyncram.tdf        ;         ;
; stratix_ram_block.inc            ; yes             ; Megafunction                             ; c:/intelfpga_lite/24.1std/quartus/libraries/megafunctions/stratix_ram_block.inc ;         ;
; lpm_mux.inc                      ; yes             ; Megafunction                             ; c:/intelfpga_lite/24.1std/quartus/libraries/megafunctions/lpm_mux.inc           ;         ;
; lpm_decode.inc                   ; yes             ; Megafunction                             ; c:/intelfpga_lite/24.1std/quartus/libraries/megafunctions/lpm_decode.inc        ;         ;
; aglobal241.inc                   ; yes             ; Megafunction                             ; c:/intelfpga_lite/24.1std/quartus/libraries/megafunctions/aglobal241.inc        ;         ;
; a_rdenreg.inc                    ; yes             ; Megafunction                             ; c:/intelfpga_lite/24.1std/quartus/libraries/megafunctions/a_rdenreg.inc         ;         ;
; altrom.inc                       ; yes             ; Megafunction                             ; c:/intelfpga_lite/24.1std/quartus/libraries/megafunctions/altrom.inc            ;         ;
; altram.inc                       ; yes             ; Megafunction                             ; c:/intelfpga_lite/24.1std/quartus/libraries/megafunctions/altram.inc            ;         ;
; altdpram.inc                     ; yes             ; Megafunction                             ; c:/intelfpga_lite/24.1std/quartus/libraries/megafunctions/altdpram.inc          ;         ;
; db/altsyncram_5p91.tdf           ; yes             ; Auto-Generated Megafunction              ; C:/Users/16885592/Desktop/ProjetoCPU/db/altsyncram_5p91.tdf                     ;         ;
; mem02.mif                        ; yes             ; Auto-Found Memory Initialization File    ; C:/Users/16885592/Desktop/ProjetoCPU/mem02.mif                                  ;         ;
; display.bdf                      ; yes             ; Auto-Found Block Diagram/Schematic File  ; C:/Users/16885592/Desktop/ProjetoCPU/display.bdf                                ;         ;
; debouncer.v                      ; yes             ; Auto-Found Verilog HDL File              ; C:/Users/16885592/Desktop/ProjetoCPU/debouncer.v                                ;         ;
; contador.bdf                     ; yes             ; Auto-Found Block Diagram/Schematic File  ; C:/Users/16885592/Desktop/ProjetoCPU/contador.bdf                               ;         ;
; pular.bdf                        ; yes             ; Auto-Found Block Diagram/Schematic File  ; C:/Users/16885592/Desktop/ProjetoCPU/pular.bdf                                  ;         ;
; registrador.bdf                  ; yes             ; Auto-Found Block Diagram/Schematic File  ; C:/Users/16885592/Desktop/ProjetoCPU/registrador.bdf                            ;         ;
; asmu2.v                          ; yes             ; Auto-Found Wizard-Generated File         ; C:/Users/16885592/Desktop/ProjetoCPU/asmu2.v                                    ;         ;
; lpm_mux.tdf                      ; yes             ; Megafunction                             ; c:/intelfpga_lite/24.1std/quartus/libraries/megafunctions/lpm_mux.tdf           ;         ;
; muxlut.inc                       ; yes             ; Megafunction                             ; c:/intelfpga_lite/24.1std/quartus/libraries/megafunctions/muxlut.inc            ;         ;
; bypassff.inc                     ; yes             ; Megafunction                             ; c:/intelfpga_lite/24.1std/quartus/libraries/megafunctions/bypassff.inc          ;         ;
; altshift.inc                     ; yes             ; Megafunction                             ; c:/intelfpga_lite/24.1std/quartus/libraries/megafunctions/altshift.inc          ;         ;
; db/mux_7rc.tdf                   ; yes             ; Auto-Generated Megafunction              ; C:/Users/16885592/Desktop/ProjetoCPU/db/mux_7rc.tdf                             ;         ;
; ula.bdf                          ; yes             ; Auto-Found Block Diagram/Schematic File  ; C:/Users/16885592/Desktop/ProjetoCPU/ula.bdf                                    ;         ;
; samu4.v                          ; yes             ; Auto-Found Wizard-Generated File         ; C:/Users/16885592/Desktop/ProjetoCPU/samu4.v                                    ;         ;
; db/mux_drc.tdf                   ; yes             ; Auto-Generated Megafunction              ; C:/Users/16885592/Desktop/ProjetoCPU/db/mux_drc.tdf                             ;         ;
; sum4.bdf                         ; yes             ; Auto-Found Block Diagram/Schematic File  ; C:/Users/16885592/Desktop/ProjetoCPU/sum4.bdf                                   ;         ;
; fulladder.bdf                    ; yes             ; Auto-Found Block Diagram/Schematic File  ; C:/Users/16885592/Desktop/ProjetoCPU/fulladder.bdf                              ;         ;
; multiplicador.bdf                ; yes             ; Auto-Found Block Diagram/Schematic File  ; C:/Users/16885592/Desktop/ProjetoCPU/multiplicador.bdf                          ;         ;
; sub4.bdf                         ; yes             ; Auto-Found Block Diagram/Schematic File  ; C:/Users/16885592/Desktop/ProjetoCPU/sub4.bdf                                   ;         ;
; subtrator.bdf                    ; yes             ; Auto-Found Block Diagram/Schematic File  ; C:/Users/16885592/Desktop/ProjetoCPU/subtrator.bdf                              ;         ;
; divisor.bdf                      ; yes             ; Auto-Found Block Diagram/Schematic File  ; C:/Users/16885592/Desktop/ProjetoCPU/divisor.bdf                                ;         ;
+----------------------------------+-----------------+------------------------------------------+---------------------------------------------------------------------------------+---------+


+-------------------------------------------------------------------------+
; Analysis & Synthesis Resource Usage Summary                             ;
+---------------------------------------------+---------------------------+
; Resource                                    ; Usage                     ;
+---------------------------------------------+---------------------------+
; Estimated Total logic elements              ; 144                       ;
;                                             ;                           ;
; Total combinational functions               ; 140                       ;
; Logic element usage by number of LUT inputs ;                           ;
;     -- 4 input functions                    ; 92                        ;
;     -- 3 input functions                    ; 19                        ;
;     -- <=2 input functions                  ; 29                        ;
;                                             ;                           ;
; Logic elements by mode                      ;                           ;
;     -- normal mode                          ; 125                       ;
;     -- arithmetic mode                      ; 15                        ;
;                                             ;                           ;
; Total registers                             ; 34                        ;
;     -- Dedicated logic registers            ; 34                        ;
;     -- I/O registers                        ; 0                         ;
;                                             ;                           ;
; I/O pins                                    ; 92                        ;
; Total memory bits                           ; 4096                      ;
;                                             ;                           ;
; Embedded Multiplier 9-bit elements          ; 0                         ;
;                                             ;                           ;
; Maximum fan-out node                        ; debouncer:inst100|out_key ;
; Maximum fan-out                             ; 33                        ;
; Total fan-out                               ; 929                       ;
; Average fan-out                             ; 2.48                      ;
+---------------------------------------------+---------------------------+


+----------------------------------------------------------------------------------------------------------------------------------------------------------------------------------------------------------------------------------------------------------------------------------------------------------------+
; Analysis & Synthesis Resource Utilization by Entity                                                                                                                                                                                                                                                            ;
+----------------------------------------------+---------------------+---------------------------+-------------+--------------+---------+-----------+------+--------------+-----------------------------------------------------------------------------------------------------+-----------------+--------------+
; Compilation Hierarchy Node                   ; Combinational ALUTs ; Dedicated Logic Registers ; Memory Bits ; DSP Elements ; DSP 9x9 ; DSP 18x18 ; Pins ; Virtual Pins ; Full Hierarchy Name                                                                                 ; Entity Name     ; Library Name ;
+----------------------------------------------+---------------------+---------------------------+-------------+--------------+---------+-----------+------+--------------+-----------------------------------------------------------------------------------------------------+-----------------+--------------+
; |ProjetoCPU                                  ; 140 (1)             ; 34 (0)                    ; 4096        ; 0            ; 0       ; 0         ; 92   ; 0            ; |ProjetoCPU                                                                                         ; ProjetoCPU      ; work         ;
;    |contador:inst|                           ; 45 (22)             ; 8 (8)                     ; 0           ; 0            ; 0       ; 0         ; 0    ; 0            ; |ProjetoCPU|contador:inst                                                                           ; contador        ; work         ;
;       |display:inst16|                       ; 7 (7)               ; 0 (0)                     ; 0           ; 0            ; 0       ; 0         ; 0    ; 0            ; |ProjetoCPU|contador:inst|display:inst16                                                            ; display         ; work         ;
;       |display:inst8|                        ; 7 (7)               ; 0 (0)                     ; 0           ; 0            ; 0       ; 0         ; 0    ; 0            ; |ProjetoCPU|contador:inst|display:inst8                                                             ; display         ; work         ;
;       |pular:inst18|                         ; 2 (2)               ; 0 (0)                     ; 0           ; 0            ; 0       ; 0         ; 0    ; 0            ; |ProjetoCPU|contador:inst|pular:inst18                                                              ; pular           ; work         ;
;       |pular:inst19|                         ; 2 (2)               ; 0 (0)                     ; 0           ; 0            ; 0       ; 0         ; 0    ; 0            ; |ProjetoCPU|contador:inst|pular:inst19                                                              ; pular           ; work         ;
;       |pular:inst20|                         ; 2 (2)               ; 0 (0)                     ; 0           ; 0            ; 0       ; 0         ; 0    ; 0            ; |ProjetoCPU|contador:inst|pular:inst20                                                              ; pular           ; work         ;
;       |pular:inst21|                         ; 2 (2)               ; 0 (0)                     ; 0           ; 0            ; 0       ; 0         ; 0    ; 0            ; |ProjetoCPU|contador:inst|pular:inst21                                                              ; pular           ; work         ;
;       |pular:inst30|                         ; 1 (1)               ; 0 (0)                     ; 0           ; 0            ; 0       ; 0         ; 0    ; 0            ; |ProjetoCPU|contador:inst|pular:inst30                                                              ; pular           ; work         ;
;    |controle:inst20|                         ; 3 (0)               ; 0 (0)                     ; 0           ; 0            ; 0       ; 0         ; 0    ; 0            ; |ProjetoCPU|controle:inst20                                                                         ; controle        ; work         ;
;       |deMU4:inst4|                          ; 1 (1)               ; 0 (0)                     ; 0           ; 0            ; 0       ; 0         ; 0    ; 0            ; |ProjetoCPU|controle:inst20|deMU4:inst4                                                             ; deMU4           ; work         ;
;       |deMU4:inst5|                          ; 2 (2)               ; 0 (0)                     ; 0           ; 0            ; 0       ; 0         ; 0    ; 0            ; |ProjetoCPU|controle:inst20|deMU4:inst5                                                             ; deMU4           ; work         ;
;    |debouncer:inst100|                       ; 24 (24)             ; 18 (18)                   ; 0           ; 0            ; 0       ; 0         ; 0    ; 0            ; |ProjetoCPU|debouncer:inst100                                                                       ; debouncer       ; work         ;
;    |memoria:inst14|                          ; 28 (0)              ; 0 (0)                     ; 4096        ; 0            ; 0       ; 0         ; 0    ; 0            ; |ProjetoCPU|memoria:inst14                                                                          ; memoria         ; work         ;
;       |display:inst1|                        ; 7 (7)               ; 0 (0)                     ; 0           ; 0            ; 0       ; 0         ; 0    ; 0            ; |ProjetoCPU|memoria:inst14|display:inst1                                                            ; display         ; work         ;
;       |display:inst2|                        ; 7 (7)               ; 0 (0)                     ; 0           ; 0            ; 0       ; 0         ; 0    ; 0            ; |ProjetoCPU|memoria:inst14|display:inst2                                                            ; display         ; work         ;
;       |display:inst3|                        ; 7 (7)               ; 0 (0)                     ; 0           ; 0            ; 0       ; 0         ; 0    ; 0            ; |ProjetoCPU|memoria:inst14|display:inst3                                                            ; display         ; work         ;
;       |display:inst|                         ; 7 (7)               ; 0 (0)                     ; 0           ; 0            ; 0       ; 0         ; 0    ; 0            ; |ProjetoCPU|memoria:inst14|display:inst                                                             ; display         ; work         ;
;       |rom:inst4|                            ; 0 (0)               ; 0 (0)                     ; 4096        ; 0            ; 0       ; 0         ; 0    ; 0            ; |ProjetoCPU|memoria:inst14|rom:inst4                                                                ; rom             ; work         ;
;          |altsyncram:altsyncram_component|   ; 0 (0)               ; 0 (0)                     ; 4096        ; 0            ; 0       ; 0         ; 0    ; 0            ; |ProjetoCPU|memoria:inst14|rom:inst4|altsyncram:altsyncram_component                                ; altsyncram      ; work         ;
;             |altsyncram_5p91:auto_generated| ; 0 (0)               ; 0 (0)                     ; 4096        ; 0            ; 0       ; 0         ; 0    ; 0            ; |ProjetoCPU|memoria:inst14|rom:inst4|altsyncram:altsyncram_component|altsyncram_5p91:auto_generated ; altsyncram_5p91 ; work         ;
;    |registrador:inst11|                      ; 8 (0)               ; 4 (4)                     ; 0           ; 0            ; 0       ; 0         ; 0    ; 0            ; |ProjetoCPU|registrador:inst11                                                                      ; registrador     ; work         ;
;       |asMU2:inst10|                         ; 1 (0)               ; 0 (0)                     ; 0           ; 0            ; 0       ; 0         ; 0    ; 0            ; |ProjetoCPU|registrador:inst11|asMU2:inst10                                                         ; asMU2           ; work         ;
;          |lpm_mux:LPM_MUX_component|         ; 1 (0)               ; 0 (0)                     ; 0           ; 0            ; 0       ; 0         ; 0    ; 0            ; |ProjetoCPU|registrador:inst11|asMU2:inst10|lpm_mux:LPM_MUX_component                               ; lpm_mux         ; work         ;
;             |mux_7rc:auto_generated|         ; 1 (1)               ; 0 (0)                     ; 0           ; 0            ; 0       ; 0         ; 0    ; 0            ; |ProjetoCPU|registrador:inst11|asMU2:inst10|lpm_mux:LPM_MUX_component|mux_7rc:auto_generated        ; mux_7rc         ; work         ;
;       |display:inst6|                        ; 7 (7)               ; 0 (0)                     ; 0           ; 0            ; 0       ; 0         ; 0    ; 0            ; |ProjetoCPU|registrador:inst11|display:inst6                                                        ; display         ; work         ;
;    |registrador:inst12|                      ; 8 (0)               ; 4 (4)                     ; 0           ; 0            ; 0       ; 0         ; 0    ; 0            ; |ProjetoCPU|registrador:inst12                                                                      ; registrador     ; work         ;
;       |asMU2:inst10|                         ; 1 (0)               ; 0 (0)                     ; 0           ; 0            ; 0       ; 0         ; 0    ; 0            ; |ProjetoCPU|registrador:inst12|asMU2:inst10                                                         ; asMU2           ; work         ;
;          |lpm_mux:LPM_MUX_component|         ; 1 (0)               ; 0 (0)                     ; 0           ; 0            ; 0       ; 0         ; 0    ; 0            ; |ProjetoCPU|registrador:inst12|asMU2:inst10|lpm_mux:LPM_MUX_component                               ; lpm_mux         ; work         ;
;             |mux_7rc:auto_generated|         ; 1 (1)               ; 0 (0)                     ; 0           ; 0            ; 0       ; 0         ; 0    ; 0            ; |ProjetoCPU|registrador:inst12|asMU2:inst10|lpm_mux:LPM_MUX_component|mux_7rc:auto_generated        ; mux_7rc         ; work         ;
;       |display:inst6|                        ; 7 (7)               ; 0 (0)                     ; 0           ; 0            ; 0       ; 0         ; 0    ; 0            ; |ProjetoCPU|registrador:inst12|display:inst6                                                        ; display         ; work         ;
;    |saMU4:inst21|                            ; 5 (0)               ; 0 (0)                     ; 0           ; 0            ; 0       ; 0         ; 0    ; 0            ; |ProjetoCPU|saMU4:inst21                                                                            ; saMU4           ; work         ;
;       |lpm_mux:LPM_MUX_component|            ; 5 (0)               ; 0 (0)                     ; 0           ; 0            ; 0       ; 0         ; 0    ; 0            ; |ProjetoCPU|saMU4:inst21|lpm_mux:LPM_MUX_component                                                  ; lpm_mux         ; work         ;
;          |mux_drc:auto_generated|            ; 5 (5)               ; 0 (0)                     ; 0           ; 0            ; 0       ; 0         ; 0    ; 0            ; |ProjetoCPU|saMU4:inst21|lpm_mux:LPM_MUX_component|mux_drc:auto_generated                           ; mux_drc         ; work         ;
;    |ula:inst27|                              ; 18 (0)              ; 0 (0)                     ; 0           ; 0            ; 0       ; 0         ; 0    ; 0            ; |ProjetoCPU|ula:inst27                                                                              ; ula             ; work         ;
;       |saMU4:inst|                           ; 13 (0)              ; 0 (0)                     ; 0           ; 0            ; 0       ; 0         ; 0    ; 0            ; |ProjetoCPU|ula:inst27|saMU4:inst                                                                   ; saMU4           ; work         ;
;          |lpm_mux:LPM_MUX_component|         ; 13 (0)              ; 0 (0)                     ; 0           ; 0            ; 0       ; 0         ; 0    ; 0            ; |ProjetoCPU|ula:inst27|saMU4:inst|lpm_mux:LPM_MUX_component                                         ; lpm_mux         ; work         ;
;             |mux_drc:auto_generated|         ; 13 (13)             ; 0 (0)                     ; 0           ; 0            ; 0       ; 0         ; 0    ; 0            ; |ProjetoCPU|ula:inst27|saMU4:inst|lpm_mux:LPM_MUX_component|mux_drc:auto_generated                  ; mux_drc         ; work         ;
;       |sub4:inst9|                           ; 3 (0)               ; 0 (0)                     ; 0           ; 0            ; 0       ; 0         ; 0    ; 0            ; |ProjetoCPU|ula:inst27|sub4:inst9                                                                   ; sub4            ; work         ;
;          |subtrator:inst6|                   ; 1 (1)               ; 0 (0)                     ; 0           ; 0            ; 0       ; 0         ; 0    ; 0            ; |ProjetoCPU|ula:inst27|sub4:inst9|subtrator:inst6                                                   ; subtrator       ; work         ;
;          |subtrator:inst7|                   ; 1 (1)               ; 0 (0)                     ; 0           ; 0            ; 0       ; 0         ; 0    ; 0            ; |ProjetoCPU|ula:inst27|sub4:inst9|subtrator:inst7                                                   ; subtrator       ; work         ;
;          |subtrator:inst8|                   ; 1 (1)               ; 0 (0)                     ; 0           ; 0            ; 0       ; 0         ; 0    ; 0            ; |ProjetoCPU|ula:inst27|sub4:inst9|subtrator:inst8                                                   ; subtrator       ; work         ;
;       |sum4:inst10|                          ; 2 (0)               ; 0 (0)                     ; 0           ; 0            ; 0       ; 0         ; 0    ; 0            ; |ProjetoCPU|ula:inst27|sum4:inst10                                                                  ; sum4            ; work         ;
;          |fulladder:inst2|                   ; 1 (1)               ; 0 (0)                     ; 0           ; 0            ; 0       ; 0         ; 0    ; 0            ; |ProjetoCPU|ula:inst27|sum4:inst10|fulladder:inst2                                                  ; fulladder       ; work         ;
;          |fulladder:inst3|                   ; 1 (1)               ; 0 (0)                     ; 0           ; 0            ; 0       ; 0         ; 0    ; 0            ; |ProjetoCPU|ula:inst27|sum4:inst10|fulladder:inst3                                                  ; fulladder       ; work         ;
+----------------------------------------------+---------------------+---------------------------+-------------+--------------+---------+-----------+------+--------------+-----------------------------------------------------------------------------------------------------+-----------------+--------------+
Note: For table entries with two numbers listed, the numbers in parentheses indicate the number of resources of the given type used by the specific entity alone. The numbers listed outside of parentheses indicate the total resources of the given type used by the specific entity and all of its sub-entities in the hierarchy.


+-------------------------------------------------------------------------------------------------------------------------------------------------------------------------------------------------+
; Analysis & Synthesis RAM Summary                                                                                                                                                                ;
+----------------------------------------------------------------------------------------------------+------+------+--------------+--------------+--------------+--------------+------+-----------+
; Name                                                                                               ; Type ; Mode ; Port A Depth ; Port A Width ; Port B Depth ; Port B Width ; Size ; MIF       ;
+----------------------------------------------------------------------------------------------------+------+------+--------------+--------------+--------------+--------------+------+-----------+
; memoria:inst14|rom:inst4|altsyncram:altsyncram_component|altsyncram_5p91:auto_generated|ALTSYNCRAM ; AUTO ; ROM  ; 256          ; 16           ; --           ; --           ; 4096 ; Mem02.mif ;
+----------------------------------------------------------------------------------------------------+------+------+--------------+--------------+--------------+--------------+------+-----------+


+------------------------------------------------------+
; General Register Statistics                          ;
+----------------------------------------------+-------+
; Statistic                                    ; Value ;
+----------------------------------------------+-------+
; Total registers                              ; 34    ;
; Number of registers using Synchronous Clear  ; 16    ;
; Number of registers using Synchronous Load   ; 0     ;
; Number of registers using Asynchronous Clear ; 16    ;
; Number of registers using Asynchronous Load  ; 0     ;
; Number of registers using Clock Enable       ; 22    ;
; Number of registers using Preset             ; 0     ;
+----------------------------------------------+-------+


+--------------------------------------------------------------------------------------------------------------------------------------------------------+
; Multiplexer Restructuring Statistics (Restructuring Performed)                                                                                         ;
+--------------------+-----------+---------------+----------------------+------------------------+------------+------------------------------------------+
; Multiplexer Inputs ; Bus Width ; Baseline Area ; Area if Restructured ; Saving if Restructured ; Registered ; Example Multiplexer Output               ;
+--------------------+-----------+---------------+----------------------+------------------------+------------+------------------------------------------+
; 3:1                ; 16 bits   ; 32 LEs        ; 16 LEs               ; 16 LEs                 ; Yes        ; |ProjetoCPU|debouncer:inst100|counter[0] ;
+--------------------+-----------+---------------+----------------------+------------------------+------------+------------------------------------------+


+----------------------------------------------------------------------------------------------------------------+
; Source assignments for memoria:inst14|rom:inst4|altsyncram:altsyncram_component|altsyncram_5p91:auto_generated ;
+---------------------------------+--------------------+------+--------------------------------------------------+
; Assignment                      ; Value              ; From ; To                                               ;
+---------------------------------+--------------------+------+--------------------------------------------------+
; OPTIMIZE_POWER_DURING_SYNTHESIS ; NORMAL_COMPILATION ; -    ; -                                                ;
+---------------------------------+--------------------+------+--------------------------------------------------+


+-------------------------------------------------------------------------------------------------------+
; Parameter Settings for User Entity Instance: memoria:inst14|rom:inst4|altsyncram:altsyncram_component ;
+------------------------------------+----------------------+-------------------------------------------+
; Parameter Name                     ; Value                ; Type                                      ;
+------------------------------------+----------------------+-------------------------------------------+
; BYTE_SIZE_BLOCK                    ; 8                    ; Untyped                                   ;
; AUTO_CARRY_CHAINS                  ; ON                   ; AUTO_CARRY                                ;
; IGNORE_CARRY_BUFFERS               ; OFF                  ; IGNORE_CARRY                              ;
; AUTO_CASCADE_CHAINS                ; ON                   ; AUTO_CASCADE                              ;
; IGNORE_CASCADE_BUFFERS             ; OFF                  ; IGNORE_CASCADE                            ;
; WIDTH_BYTEENA                      ; 1                    ; Untyped                                   ;
; OPERATION_MODE                     ; ROM                  ; Untyped                                   ;
; WIDTH_A                            ; 16                   ; Signed Integer                            ;
; WIDTHAD_A                          ; 8                    ; Signed Integer                            ;
; NUMWORDS_A                         ; 256                  ; Signed Integer                            ;
; OUTDATA_REG_A                      ; UNREGISTERED         ; Untyped                                   ;
; ADDRESS_ACLR_A                     ; NONE                 ; Untyped                                   ;
; OUTDATA_ACLR_A                     ; NONE                 ; Untyped                                   ;
; WRCONTROL_ACLR_A                   ; NONE                 ; Untyped                                   ;
; INDATA_ACLR_A                      ; NONE                 ; Untyped                                   ;
; BYTEENA_ACLR_A                     ; NONE                 ; Untyped                                   ;
; WIDTH_B                            ; 1                    ; Untyped                                   ;
; WIDTHAD_B                          ; 1                    ; Untyped                                   ;
; NUMWORDS_B                         ; 1                    ; Untyped                                   ;
; INDATA_REG_B                       ; CLOCK1               ; Untyped                                   ;
; WRCONTROL_WRADDRESS_REG_B          ; CLOCK1               ; Untyped                                   ;
; RDCONTROL_REG_B                    ; CLOCK1               ; Untyped                                   ;
; ADDRESS_REG_B                      ; CLOCK1               ; Untyped                                   ;
; OUTDATA_REG_B                      ; UNREGISTERED         ; Untyped                                   ;
; BYTEENA_REG_B                      ; CLOCK1               ; Untyped                                   ;
; INDATA_ACLR_B                      ; NONE                 ; Untyped                                   ;
; WRCONTROL_ACLR_B                   ; NONE                 ; Untyped                                   ;
; ADDRESS_ACLR_B                     ; NONE                 ; Untyped                                   ;
; OUTDATA_ACLR_B                     ; NONE                 ; Untyped                                   ;
; RDCONTROL_ACLR_B                   ; NONE                 ; Untyped                                   ;
; BYTEENA_ACLR_B                     ; NONE                 ; Untyped                                   ;
; WIDTH_BYTEENA_A                    ; 1                    ; Signed Integer                            ;
; WIDTH_BYTEENA_B                    ; 1                    ; Untyped                                   ;
; RAM_BLOCK_TYPE                     ; AUTO                 ; Untyped                                   ;
; BYTE_SIZE                          ; 8                    ; Untyped                                   ;
; READ_DURING_WRITE_MODE_MIXED_PORTS ; DONT_CARE            ; Untyped                                   ;
; READ_DURING_WRITE_MODE_PORT_A      ; NEW_DATA_NO_NBE_READ ; Untyped                                   ;
; READ_DURING_WRITE_MODE_PORT_B      ; NEW_DATA_NO_NBE_READ ; Untyped                                   ;
; INIT_FILE                          ; Mem02.mif            ; Untyped                                   ;
; INIT_FILE_LAYOUT                   ; PORT_A               ; Untyped                                   ;
; MAXIMUM_DEPTH                      ; 0                    ; Untyped                                   ;
; CLOCK_ENABLE_INPUT_A               ; BYPASS               ; Untyped                                   ;
; CLOCK_ENABLE_INPUT_B               ; NORMAL               ; Untyped                                   ;
; CLOCK_ENABLE_OUTPUT_A              ; BYPASS               ; Untyped                                   ;
; CLOCK_ENABLE_OUTPUT_B              ; NORMAL               ; Untyped                                   ;
; CLOCK_ENABLE_CORE_A                ; USE_INPUT_CLKEN      ; Untyped                                   ;
; CLOCK_ENABLE_CORE_B                ; USE_INPUT_CLKEN      ; Untyped                                   ;
; ENABLE_ECC                         ; FALSE                ; Untyped                                   ;
; ECC_PIPELINE_STAGE_ENABLED         ; FALSE                ; Untyped                                   ;
; WIDTH_ECCSTATUS                    ; 3                    ; Untyped                                   ;
; DEVICE_FAMILY                      ; Cyclone IV E         ; Untyped                                   ;
; CBXI_PARAMETER                     ; altsyncram_5p91      ; Untyped                                   ;
+------------------------------------+----------------------+-------------------------------------------+
Note: In order to hide this table in the UI and the text report file, please set the "Show Parameter Settings in Synthesis Report" option in "Analysis and Synthesis Settings -> More Settings" to "Off".


+----------------------------------------------------------------+
; Parameter Settings for User Entity Instance: debouncer:inst100 ;
+----------------+-------+---------------------------------------+
; Parameter Name ; Value ; Type                                  ;
+----------------+-------+---------------------------------------+
; DELAY_BITS     ; 16    ; Signed Integer                        ;
+----------------+-------+---------------------------------------+
Note: In order to hide this table in the UI and the text report file, please set the "Show Parameter Settings in Synthesis Report" option in "Analysis and Synthesis Settings -> More Settings" to "Off".


+--------------------------------------------------------------------------------------------------------+
; Parameter Settings for User Entity Instance: registrador:inst11|asMU2:inst11|lpm_mux:LPM_MUX_component ;
+------------------------+--------------+----------------------------------------------------------------+
; Parameter Name         ; Value        ; Type                                                           ;
+------------------------+--------------+----------------------------------------------------------------+
; AUTO_CARRY_CHAINS      ; ON           ; AUTO_CARRY                                                     ;
; IGNORE_CARRY_BUFFERS   ; OFF          ; IGNORE_CARRY                                                   ;
; AUTO_CASCADE_CHAINS    ; ON           ; AUTO_CASCADE                                                   ;
; IGNORE_CASCADE_BUFFERS ; OFF          ; IGNORE_CASCADE                                                 ;
; LPM_WIDTH              ; 1            ; Signed Integer                                                 ;
; LPM_SIZE               ; 2            ; Signed Integer                                                 ;
; LPM_WIDTHS             ; 1            ; Signed Integer                                                 ;
; LPM_PIPELINE           ; 0            ; Untyped                                                        ;
; CBXI_PARAMETER         ; mux_7rc      ; Untyped                                                        ;
; DEVICE_FAMILY          ; Cyclone IV E ; Untyped                                                        ;
+------------------------+--------------+----------------------------------------------------------------+
Note: In order to hide this table in the UI and the text report file, please set the "Show Parameter Settings in Synthesis Report" option in "Analysis and Synthesis Settings -> More Settings" to "Off".


+------------------------------------------------------------------------------------------------------+
; Parameter Settings for User Entity Instance: registrador:inst11|asMU2:inst|lpm_mux:LPM_MUX_component ;
+------------------------+--------------+--------------------------------------------------------------+
; Parameter Name         ; Value        ; Type                                                         ;
+------------------------+--------------+--------------------------------------------------------------+
; AUTO_CARRY_CHAINS      ; ON           ; AUTO_CARRY                                                   ;
; IGNORE_CARRY_BUFFERS   ; OFF          ; IGNORE_CARRY                                                 ;
; AUTO_CASCADE_CHAINS    ; ON           ; AUTO_CASCADE                                                 ;
; IGNORE_CASCADE_BUFFERS ; OFF          ; IGNORE_CASCADE                                               ;
; LPM_WIDTH              ; 1            ; Signed Integer                                               ;
; LPM_SIZE               ; 2            ; Signed Integer                                               ;
; LPM_WIDTHS             ; 1            ; Signed Integer                                               ;
; LPM_PIPELINE           ; 0            ; Untyped                                                      ;
; CBXI_PARAMETER         ; mux_7rc      ; Untyped                                                      ;
; DEVICE_FAMILY          ; Cyclone IV E ; Untyped                                                      ;
+------------------------+--------------+--------------------------------------------------------------+
Note: In order to hide this table in the UI and the text report file, please set the "Show Parameter Settings in Synthesis Report" option in "Analysis and Synthesis Settings -> More Settings" to "Off".


+-------------------------------------------------------------------------------------------------------+
; Parameter Settings for User Entity Instance: registrador:inst11|asMU2:inst8|lpm_mux:LPM_MUX_component ;
+------------------------+--------------+---------------------------------------------------------------+
; Parameter Name         ; Value        ; Type                                                          ;
+------------------------+--------------+---------------------------------------------------------------+
; AUTO_CARRY_CHAINS      ; ON           ; AUTO_CARRY                                                    ;
; IGNORE_CARRY_BUFFERS   ; OFF          ; IGNORE_CARRY                                                  ;
; AUTO_CASCADE_CHAINS    ; ON           ; AUTO_CASCADE                                                  ;
; IGNORE_CASCADE_BUFFERS ; OFF          ; IGNORE_CASCADE                                                ;
; LPM_WIDTH              ; 1            ; Signed Integer                                                ;
; LPM_SIZE               ; 2            ; Signed Integer                                                ;
; LPM_WIDTHS             ; 1            ; Signed Integer                                                ;
; LPM_PIPELINE           ; 0            ; Untyped                                                       ;
; CBXI_PARAMETER         ; mux_7rc      ; Untyped                                                       ;
; DEVICE_FAMILY          ; Cyclone IV E ; Untyped                                                       ;
+------------------------+--------------+---------------------------------------------------------------+
Note: In order to hide this table in the UI and the text report file, please set the "Show Parameter Settings in Synthesis Report" option in "Analysis and Synthesis Settings -> More Settings" to "Off".


+--------------------------------------------------------------------------------------------------------+
; Parameter Settings for User Entity Instance: registrador:inst11|asMU2:inst10|lpm_mux:LPM_MUX_component ;
+------------------------+--------------+----------------------------------------------------------------+
; Parameter Name         ; Value        ; Type                                                           ;
+------------------------+--------------+----------------------------------------------------------------+
; AUTO_CARRY_CHAINS      ; ON           ; AUTO_CARRY                                                     ;
; IGNORE_CARRY_BUFFERS   ; OFF          ; IGNORE_CARRY                                                   ;
; AUTO_CASCADE_CHAINS    ; ON           ; AUTO_CASCADE                                                   ;
; IGNORE_CASCADE_BUFFERS ; OFF          ; IGNORE_CASCADE                                                 ;
; LPM_WIDTH              ; 1            ; Signed Integer                                                 ;
; LPM_SIZE               ; 2            ; Signed Integer                                                 ;
; LPM_WIDTHS             ; 1            ; Signed Integer                                                 ;
; LPM_PIPELINE           ; 0            ; Untyped                                                        ;
; CBXI_PARAMETER         ; mux_7rc      ; Untyped                                                        ;
; DEVICE_FAMILY          ; Cyclone IV E ; Untyped                                                        ;
+------------------------+--------------+----------------------------------------------------------------+
Note: In order to hide this table in the UI and the text report file, please set the "Show Parameter Settings in Synthesis Report" option in "Analysis and Synthesis Settings -> More Settings" to "Off".


+----------------------------------------------------------------------------------------------+
; Parameter Settings for User Entity Instance: ula:inst27|saMU4:inst|lpm_mux:LPM_MUX_component ;
+------------------------+--------------+------------------------------------------------------+
; Parameter Name         ; Value        ; Type                                                 ;
+------------------------+--------------+------------------------------------------------------+
; AUTO_CARRY_CHAINS      ; ON           ; AUTO_CARRY                                           ;
; IGNORE_CARRY_BUFFERS   ; OFF          ; IGNORE_CARRY                                         ;
; AUTO_CASCADE_CHAINS    ; ON           ; AUTO_CASCADE                                         ;
; IGNORE_CASCADE_BUFFERS ; OFF          ; IGNORE_CASCADE                                       ;
; LPM_WIDTH              ; 4            ; Signed Integer                                       ;
; LPM_SIZE               ; 4            ; Signed Integer                                       ;
; LPM_WIDTHS             ; 2            ; Signed Integer                                       ;
; LPM_PIPELINE           ; 0            ; Untyped                                              ;
; CBXI_PARAMETER         ; mux_drc      ; Untyped                                              ;
; DEVICE_FAMILY          ; Cyclone IV E ; Untyped                                              ;
+------------------------+--------------+------------------------------------------------------+
Note: In order to hide this table in the UI and the text report file, please set the "Show Parameter Settings in Synthesis Report" option in "Analysis and Synthesis Settings -> More Settings" to "Off".


+-------------------------------------------------------------------------------------+
; Parameter Settings for User Entity Instance: saMU4:inst21|lpm_mux:LPM_MUX_component ;
+------------------------+--------------+---------------------------------------------+
; Parameter Name         ; Value        ; Type                                        ;
+------------------------+--------------+---------------------------------------------+
; AUTO_CARRY_CHAINS      ; ON           ; AUTO_CARRY                                  ;
; IGNORE_CARRY_BUFFERS   ; OFF          ; IGNORE_CARRY                                ;
; AUTO_CASCADE_CHAINS    ; ON           ; AUTO_CASCADE                                ;
; IGNORE_CASCADE_BUFFERS ; OFF          ; IGNORE_CASCADE                              ;
; LPM_WIDTH              ; 4            ; Signed Integer                              ;
; LPM_SIZE               ; 4            ; Signed Integer                              ;
; LPM_WIDTHS             ; 2            ; Signed Integer                              ;
; LPM_PIPELINE           ; 0            ; Untyped                                     ;
; CBXI_PARAMETER         ; mux_drc      ; Untyped                                     ;
; DEVICE_FAMILY          ; Cyclone IV E ; Untyped                                     ;
+------------------------+--------------+---------------------------------------------+
Note: In order to hide this table in the UI and the text report file, please set the "Show Parameter Settings in Synthesis Report" option in "Analysis and Synthesis Settings -> More Settings" to "Off".


+--------------------------------------------------------------------------------------------------------+
; Parameter Settings for User Entity Instance: registrador:inst12|asMU2:inst11|lpm_mux:LPM_MUX_component ;
+------------------------+--------------+----------------------------------------------------------------+
; Parameter Name         ; Value        ; Type                                                           ;
+------------------------+--------------+----------------------------------------------------------------+
; AUTO_CARRY_CHAINS      ; ON           ; AUTO_CARRY                                                     ;
; IGNORE_CARRY_BUFFERS   ; OFF          ; IGNORE_CARRY                                                   ;
; AUTO_CASCADE_CHAINS    ; ON           ; AUTO_CASCADE                                                   ;
; IGNORE_CASCADE_BUFFERS ; OFF          ; IGNORE_CASCADE                                                 ;
; LPM_WIDTH              ; 1            ; Signed Integer                                                 ;
; LPM_SIZE               ; 2            ; Signed Integer                                                 ;
; LPM_WIDTHS             ; 1            ; Signed Integer                                                 ;
; LPM_PIPELINE           ; 0            ; Untyped                                                        ;
; CBXI_PARAMETER         ; mux_7rc      ; Untyped                                                        ;
; DEVICE_FAMILY          ; Cyclone IV E ; Untyped                                                        ;
+------------------------+--------------+----------------------------------------------------------------+
Note: In order to hide this table in the UI and the text report file, please set the "Show Parameter Settings in Synthesis Report" option in "Analysis and Synthesis Settings -> More Settings" to "Off".


+------------------------------------------------------------------------------------------------------+
; Parameter Settings for User Entity Instance: registrador:inst12|asMU2:inst|lpm_mux:LPM_MUX_component ;
+------------------------+--------------+--------------------------------------------------------------+
; Parameter Name         ; Value        ; Type                                                         ;
+------------------------+--------------+--------------------------------------------------------------+
; AUTO_CARRY_CHAINS      ; ON           ; AUTO_CARRY                                                   ;
; IGNORE_CARRY_BUFFERS   ; OFF          ; IGNORE_CARRY                                                 ;
; AUTO_CASCADE_CHAINS    ; ON           ; AUTO_CASCADE                                                 ;
; IGNORE_CASCADE_BUFFERS ; OFF          ; IGNORE_CASCADE                                               ;
; LPM_WIDTH              ; 1            ; Signed Integer                                               ;
; LPM_SIZE               ; 2            ; Signed Integer                                               ;
; LPM_WIDTHS             ; 1            ; Signed Integer                                               ;
; LPM_PIPELINE           ; 0            ; Untyped                                                      ;
; CBXI_PARAMETER         ; mux_7rc      ; Untyped                                                      ;
; DEVICE_FAMILY          ; Cyclone IV E ; Untyped                                                      ;
+------------------------+--------------+--------------------------------------------------------------+
Note: In order to hide this table in the UI and the text report file, please set the "Show Parameter Settings in Synthesis Report" option in "Analysis and Synthesis Settings -> More Settings" to "Off".


+-------------------------------------------------------------------------------------------------------+
; Parameter Settings for User Entity Instance: registrador:inst12|asMU2:inst8|lpm_mux:LPM_MUX_component ;
+------------------------+--------------+---------------------------------------------------------------+
; Parameter Name         ; Value        ; Type                                                          ;
+------------------------+--------------+---------------------------------------------------------------+
; AUTO_CARRY_CHAINS      ; ON           ; AUTO_CARRY                                                    ;
; IGNORE_CARRY_BUFFERS   ; OFF          ; IGNORE_CARRY                                                  ;
; AUTO_CASCADE_CHAINS    ; ON           ; AUTO_CASCADE                                                  ;
; IGNORE_CASCADE_BUFFERS ; OFF          ; IGNORE_CASCADE                                                ;
; LPM_WIDTH              ; 1            ; Signed Integer                                                ;
; LPM_SIZE               ; 2            ; Signed Integer                                                ;
; LPM_WIDTHS             ; 1            ; Signed Integer                                                ;
; LPM_PIPELINE           ; 0            ; Untyped                                                       ;
; CBXI_PARAMETER         ; mux_7rc      ; Untyped                                                       ;
; DEVICE_FAMILY          ; Cyclone IV E ; Untyped                                                       ;
+------------------------+--------------+---------------------------------------------------------------+
Note: In order to hide this table in the UI and the text report file, please set the "Show Parameter Settings in Synthesis Report" option in "Analysis and Synthesis Settings -> More Settings" to "Off".


+--------------------------------------------------------------------------------------------------------+
; Parameter Settings for User Entity Instance: registrador:inst12|asMU2:inst10|lpm_mux:LPM_MUX_component ;
+------------------------+--------------+----------------------------------------------------------------+
; Parameter Name         ; Value        ; Type                                                           ;
+------------------------+--------------+----------------------------------------------------------------+
; AUTO_CARRY_CHAINS      ; ON           ; AUTO_CARRY                                                     ;
; IGNORE_CARRY_BUFFERS   ; OFF          ; IGNORE_CARRY                                                   ;
; AUTO_CASCADE_CHAINS    ; ON           ; AUTO_CASCADE                                                   ;
; IGNORE_CASCADE_BUFFERS ; OFF          ; IGNORE_CASCADE                                                 ;
; LPM_WIDTH              ; 1            ; Signed Integer                                                 ;
; LPM_SIZE               ; 2            ; Signed Integer                                                 ;
; LPM_WIDTHS             ; 1            ; Signed Integer                                                 ;
; LPM_PIPELINE           ; 0            ; Untyped                                                        ;
; CBXI_PARAMETER         ; mux_7rc      ; Untyped                                                        ;
; DEVICE_FAMILY          ; Cyclone IV E ; Untyped                                                        ;
+------------------------+--------------+----------------------------------------------------------------+
Note: In order to hide this table in the UI and the text report file, please set the "Show Parameter Settings in Synthesis Report" option in "Analysis and Synthesis Settings -> More Settings" to "Off".


+------------------------------------------------------------------------------------------------------+
; altsyncram Parameter Settings by Entity Instance                                                     ;
+-------------------------------------------+----------------------------------------------------------+
; Name                                      ; Value                                                    ;
+-------------------------------------------+----------------------------------------------------------+
; Number of entity instances                ; 1                                                        ;
; Entity Instance                           ; memoria:inst14|rom:inst4|altsyncram:altsyncram_component ;
;     -- OPERATION_MODE                     ; ROM                                                      ;
;     -- WIDTH_A                            ; 16                                                       ;
;     -- NUMWORDS_A                         ; 256                                                      ;
;     -- OUTDATA_REG_A                      ; UNREGISTERED                                             ;
;     -- WIDTH_B                            ; 1                                                        ;
;     -- NUMWORDS_B                         ; 1                                                        ;
;     -- ADDRESS_REG_B                      ; CLOCK1                                                   ;
;     -- OUTDATA_REG_B                      ; UNREGISTERED                                             ;
;     -- RAM_BLOCK_TYPE                     ; AUTO                                                     ;
;     -- READ_DURING_WRITE_MODE_MIXED_PORTS ; DONT_CARE                                                ;
+-------------------------------------------+----------------------------------------------------------+


+-----------------------------------------------------+
; Post-Synthesis Netlist Statistics for Top Partition ;
+-----------------------+-----------------------------+
; Type                  ; Count                       ;
+-----------------------+-----------------------------+
; boundary_port         ; 92                          ;
; cycloneiii_ff         ; 34                          ;
;     CLR               ; 10                          ;
;     ENA CLR           ; 6                           ;
;     ENA SCLR          ; 16                          ;
;     plain             ; 2                           ;
; cycloneiii_lcell_comb ; 140                         ;
;     arith             ; 15                          ;
;         2 data inputs ; 15                          ;
;     normal            ; 125                         ;
;         1 data inputs ; 1                           ;
;         2 data inputs ; 13                          ;
;         3 data inputs ; 19                          ;
;         4 data inputs ; 92                          ;
; cycloneiii_ram_block  ; 16                          ;
;                       ;                             ;
; Max LUT depth         ; 5.00                        ;
; Average LUT depth     ; 2.66                        ;
+-----------------------+-----------------------------+


+-------------------------------+
; Elapsed Time Per Partition    ;
+----------------+--------------+
; Partition Name ; Elapsed Time ;
+----------------+--------------+
; Top            ; 00:00:00     ;
+----------------+--------------+


+-------------------------------+
; Analysis & Synthesis Messages ;
+-------------------------------+
Info: *******************************************************************
Info: Running Quartus Prime Analysis & Synthesis
    Info: Version 24.1std.0 Build 1077 03/04/2025 SC Lite Edition
    Info: Processing started: Sun Oct 12 19:30:50 2025
Info: Command: quartus_map --read_settings_files=on --write_settings_files=off ProjetoCPU -c ProjetoCPU
Warning (18236): Number of processors has not been specified which may cause overloading on shared machines.  Set the global assignment NUM_PARALLEL_PROCESSORS in your QSF to an appropriate value for best performance.
Info (20030): Parallel compilation is enabled and will use 8 of the 8 processors detected
Info (12021): Found 1 design units, including 1 entities, in source file projetocpu.bdf
    Info (12023): Found entity 1: ProjetoCPU
Info (12127): Elaborating entity "ProjetoCPU" for the top level hierarchy
Warning (12125): Using design file controle.bdf, which is not specified as a design file for the current project, but contains definitions for 1 design units and 1 entities in project
    Info (12023): Found entity 1: controle
Info (12128): Elaborating entity "controle" for hierarchy "controle:inst20"
Warning (12125): Using design file demu4.bdf, which is not specified as a design file for the current project, but contains definitions for 1 design units and 1 entities in project
    Info (12023): Found entity 1: deMU4
Info (12128): Elaborating entity "deMU4" for hierarchy "controle:inst20|deMU4:inst4"
Warning (275011): Block or symbol "AND3" of instance "inst5" overlaps another block or symbol
Warning (12125): Using design file memoria.bdf, which is not specified as a design file for the current project, but contains definitions for 1 design units and 1 entities in project
    Info (12023): Found entity 1: memoria
Info (12128): Elaborating entity "memoria" for hierarchy "memoria:inst14"
Warning (12125): Using design file rom.v, which is not specified as a design file for the current project, but contains definitions for 1 design units and 1 entities in project
    Info (12023): Found entity 1: rom File: C:/Users/16885592/Desktop/ProjetoCPU/rom.v Line: 40
Info (12128): Elaborating entity "rom" for hierarchy "memoria:inst14|rom:inst4"
Info (12128): Elaborating entity "altsyncram" for hierarchy "memoria:inst14|rom:inst4|altsyncram:altsyncram_component" File: C:/Users/16885592/Desktop/ProjetoCPU/rom.v Line: 82
Info (12130): Elaborated megafunction instantiation "memoria:inst14|rom:inst4|altsyncram:altsyncram_component" File: C:/Users/16885592/Desktop/ProjetoCPU/rom.v Line: 82
Info (12133): Instantiated megafunction "memoria:inst14|rom:inst4|altsyncram:altsyncram_component" with the following parameter: File: C:/Users/16885592/Desktop/ProjetoCPU/rom.v Line: 82
    Info (12134): Parameter "address_aclr_a" = "NONE"
    Info (12134): Parameter "clock_enable_input_a" = "BYPASS"
    Info (12134): Parameter "clock_enable_output_a" = "BYPASS"
    Info (12134): Parameter "init_file" = "Mem02.mif"
    Info (12134): Parameter "intended_device_family" = "Cyclone IV E"
    Info (12134): Parameter "lpm_hint" = "ENABLE_RUNTIME_MOD=NO"
    Info (12134): Parameter "lpm_type" = "altsyncram"
    Info (12134): Parameter "numwords_a" = "256"
    Info (12134): Parameter "operation_mode" = "ROM"
    Info (12134): Parameter "outdata_aclr_a" = "NONE"
    Info (12134): Parameter "outdata_reg_a" = "UNREGISTERED"
    Info (12134): Parameter "widthad_a" = "8"
    Info (12134): Parameter "width_a" = "16"
    Info (12134): Parameter "width_byteena_a" = "1"
Info (12021): Found 1 design units, including 1 entities, in source file db/altsyncram_5p91.tdf
    Info (12023): Found entity 1: altsyncram_5p91 File: C:/Users/16885592/Desktop/ProjetoCPU/db/altsyncram_5p91.tdf Line: 28
Info (12128): Elaborating entity "altsyncram_5p91" for hierarchy "memoria:inst14|rom:inst4|altsyncram:altsyncram_component|altsyncram_5p91:auto_generated" File: c:/intelfpga_lite/24.1std/quartus/libraries/megafunctions/altsyncram.tdf Line: 792
Warning (12125): Using design file display.bdf, which is not specified as a design file for the current project, but contains definitions for 1 design units and 1 entities in project
    Info (12023): Found entity 1: display
Info (12128): Elaborating entity "display" for hierarchy "memoria:inst14|display:inst"
Warning (12125): Using design file debouncer.v, which is not specified as a design file for the current project, but contains definitions for 1 design units and 1 entities in project
    Info (12023): Found entity 1: debouncer File: C:/Users/16885592/Desktop/ProjetoCPU/debouncer.v Line: 28
Info (12128): Elaborating entity "debouncer" for hierarchy "debouncer:inst100"
Warning (10230): Verilog HDL assignment warning at debouncer.v(71): truncated value with size 32 to match size of target (16) File: C:/Users/16885592/Desktop/ProjetoCPU/debouncer.v Line: 71
Warning (12125): Using design file contador.bdf, which is not specified as a design file for the current project, but contains definitions for 1 design units and 1 entities in project
    Info (12023): Found entity 1: contador
Info (12128): Elaborating entity "contador" for hierarchy "contador:inst"
Warning (12125): Using design file pular.bdf, which is not specified as a design file for the current project, but contains definitions for 1 design units and 1 entities in project
    Info (12023): Found entity 1: pular
Info (12128): Elaborating entity "pular" for hierarchy "contador:inst|pular:inst19"
Warning (12125): Using design file registrador.bdf, which is not specified as a design file for the current project, but contains definitions for 1 design units and 1 entities in project
    Info (12023): Found entity 1: registrador
Info (12128): Elaborating entity "registrador" for hierarchy "registrador:inst11"
Warning (12125): Using design file asmu2.v, which is not specified as a design file for the current project, but contains definitions for 1 design units and 1 entities in project
    Info (12023): Found entity 1: asMU2 File: C:/Users/16885592/Desktop/ProjetoCPU/asmu2.v Line: 40
Info (12128): Elaborating entity "asMU2" for hierarchy "registrador:inst11|asMU2:inst11"
Info (12128): Elaborating entity "lpm_mux" for hierarchy "registrador:inst11|asMU2:inst11|lpm_mux:LPM_MUX_component" File: C:/Users/16885592/Desktop/ProjetoCPU/asmu2.v Line: 70
Info (12130): Elaborated megafunction instantiation "registrador:inst11|asMU2:inst11|lpm_mux:LPM_MUX_component" File: C:/Users/16885592/Desktop/ProjetoCPU/asmu2.v Line: 70
Info (12133): Instantiated megafunction "registrador:inst11|asMU2:inst11|lpm_mux:LPM_MUX_component" with the following parameter: File: C:/Users/16885592/Desktop/ProjetoCPU/asmu2.v Line: 70
    Info (12134): Parameter "lpm_size" = "2"
    Info (12134): Parameter "lpm_type" = "LPM_MUX"
    Info (12134): Parameter "lpm_width" = "1"
    Info (12134): Parameter "lpm_widths" = "1"
Info (12021): Found 1 design units, including 1 entities, in source file db/mux_7rc.tdf
    Info (12023): Found entity 1: mux_7rc File: C:/Users/16885592/Desktop/ProjetoCPU/db/mux_7rc.tdf Line: 23
Info (12128): Elaborating entity "mux_7rc" for hierarchy "registrador:inst11|asMU2:inst11|lpm_mux:LPM_MUX_component|mux_7rc:auto_generated" File: c:/intelfpga_lite/24.1std/quartus/libraries/megafunctions/lpm_mux.tdf Line: 87
Warning (12125): Using design file ula.bdf, which is not specified as a design file for the current project, but contains definitions for 1 design units and 1 entities in project
    Info (12023): Found entity 1: ula
Info (12128): Elaborating entity "ula" for hierarchy "ula:inst27"
Warning (12125): Using design file samu4.v, which is not specified as a design file for the current project, but contains definitions for 1 design units and 1 entities in project
    Info (12023): Found entity 1: saMU4 File: C:/Users/16885592/Desktop/ProjetoCPU/samu4.v Line: 40
Info (12128): Elaborating entity "saMU4" for hierarchy "ula:inst27|saMU4:inst"
Info (12128): Elaborating entity "lpm_mux" for hierarchy "ula:inst27|saMU4:inst|lpm_mux:LPM_MUX_component" File: C:/Users/16885592/Desktop/ProjetoCPU/samu4.v Line: 73
Info (12130): Elaborated megafunction instantiation "ula:inst27|saMU4:inst|lpm_mux:LPM_MUX_component" File: C:/Users/16885592/Desktop/ProjetoCPU/samu4.v Line: 73
Info (12133): Instantiated megafunction "ula:inst27|saMU4:inst|lpm_mux:LPM_MUX_component" with the following parameter: File: C:/Users/16885592/Desktop/ProjetoCPU/samu4.v Line: 73
    Info (12134): Parameter "lpm_size" = "4"
    Info (12134): Parameter "lpm_type" = "LPM_MUX"
    Info (12134): Parameter "lpm_width" = "4"
    Info (12134): Parameter "lpm_widths" = "2"
Info (12021): Found 1 design units, including 1 entities, in source file db/mux_drc.tdf
    Info (12023): Found entity 1: mux_drc File: C:/Users/16885592/Desktop/ProjetoCPU/db/mux_drc.tdf Line: 23
Info (12128): Elaborating entity "mux_drc" for hierarchy "ula:inst27|saMU4:inst|lpm_mux:LPM_MUX_component|mux_drc:auto_generated" File: c:/intelfpga_lite/24.1std/quartus/libraries/megafunctions/lpm_mux.tdf Line: 87
Warning (12125): Using design file sum4.bdf, which is not specified as a design file for the current project, but contains definitions for 1 design units and 1 entities in project
    Info (12023): Found entity 1: sum4
Info (12128): Elaborating entity "sum4" for hierarchy "ula:inst27|sum4:inst10"
Warning (275008): Primitive "GND" of instance "inst1" not used
Warning (12125): Using design file fulladder.bdf, which is not specified as a design file for the current project, but contains definitions for 1 design units and 1 entities in project
    Info (12023): Found entity 1: fulladder
Info (12128): Elaborating entity "fulladder" for hierarchy "ula:inst27|sum4:inst10|fulladder:inst4"
Warning (12125): Using design file multiplicador.bdf, which is not specified as a design file for the current project, but contains definitions for 1 design units and 1 entities in project
    Info (12023): Found entity 1: multiplicador
Info (12128): Elaborating entity "multiplicador" for hierarchy "ula:inst27|multiplicador:inst14"
Warning (275009): Pin "x3" not connected
Warning (275008): Primitive "GND" of instance "inst1" not used
Warning (12125): Using design file sub4.bdf, which is not specified as a design file for the current project, but contains definitions for 1 design units and 1 entities in project
    Info (12023): Found entity 1: sub4
Info (12128): Elaborating entity "sub4" for hierarchy "ula:inst27|sub4:inst9"
Warning (275008): Primitive "GND" of instance "inst4" not used
Warning (12125): Using design file subtrator.bdf, which is not specified as a design file for the current project, but contains definitions for 1 design units and 1 entities in project
    Info (12023): Found entity 1: subtrator
Info (12128): Elaborating entity "subtrator" for hierarchy "ula:inst27|sub4:inst9|subtrator:inst5"
Warning (12125): Using design file divisor.bdf, which is not specified as a design file for the current project, but contains definitions for 1 design units and 1 entities in project
    Info (12023): Found entity 1: divisor
Info (12128): Elaborating entity "divisor" for hierarchy "ula:inst27|divisor:inst13"
Warning (275009): Pin "x0" not connected
Warning (275008): Primitive "GND" of instance "inst1" not used
Warning (13004): Presettable and clearable registers converted to equivalent circuits with latches. Registers power-up to an undefined state, and DEVCLRn places the registers in an undefined state.
    Warning (13310): Register "contador:inst|inst3" is converted into an equivalent circuit using register "contador:inst|inst3~_emulated" and latch "contador:inst|inst3~1"
    Warning (13310): Register "contador:inst|inst2" is converted into an equivalent circuit using register "contador:inst|inst2~_emulated" and latch "contador:inst|inst2~1"
    Warning (13310): Register "contador:inst|inst1" is converted into an equivalent circuit using register "contador:inst|inst1~_emulated" and latch "contador:inst|inst1~1"
    Warning (13310): Register "contador:inst|inst" is converted into an equivalent circuit using register "contador:inst|inst~_emulated" and latch "contador:inst|inst~1"
Info (286030): Timing-Driven Synthesis is running
Info (16010): Generating hard_block partition "hard_block:auto_generated_inst"
    Info (16011): Adding 0 node(s), including 0 DDIO, 0 PLL, 0 transceiver and 0 LCELL
Info (21057): Implemented 255 device resources after synthesis - the final resource count might be different
    Info (21058): Implemented 3 input pins
    Info (21059): Implemented 89 output pins
    Info (21061): Implemented 147 logic cells
    Info (21064): Implemented 16 RAM segments
Info: Quartus Prime Analysis & Synthesis was successful. 0 errors, 32 warnings
    Info: Peak virtual memory: 4847 megabytes
    Info: Processing ended: Sun Oct 12 19:30:57 2025
    Info: Elapsed time: 00:00:07
    Info: Total CPU time (on all processors): 00:00:13


