Analysis & Synthesis report for ula
Thu Aug 28 17:44:28 2025
Quartus Prime Version 24.1std.0 Build 1077 03/04/2025 SC Lite Edition


---------------------
; Table of Contents ;
---------------------
  1. Legal Notice
  2. Analysis & Synthesis Summary
  3. Analysis & Synthesis Settings
  4. Parallel Compilation
  5. Analysis & Synthesis Source Files Read
  6. Analysis & Synthesis Resource Usage Summary
  7. Analysis & Synthesis Resource Utilization by Entity
  8. Analysis & Synthesis IP Cores Summary
  9. General Register Statistics
 10. Parameter Settings for User Entity Instance: saMU4:inst|lpm_mux:LPM_MUX_component
 11. Post-Synthesis Netlist Statistics for Top Partition
 12. Elapsed Time Per Partition
 13. Analysis & Synthesis Messages



----------------
; Legal Notice ;
----------------
Copyright (C) 2025  Altera Corporation. All rights reserved.
Your use of Altera Corporation's design tools, logic functions 
and other software and tools, and any partner logic 
functions, and any output files from any of the foregoing 
(including device programming or simulation files), and any 
associated documentation or information are expressly subject 
to the terms and conditions of the Altera Program License 
Subscription Agreement, the Altera Quartus Prime License Agreement,
the Altera IP License Agreement, or other applicable license
agreement, including, without limitation, that your use is for
the sole purpose of programming logic devices manufactured by
Altera and sold by Altera or its authorized distributors.  Please
refer to the Altera Software License Subscription Agreements 
on the Quartus Prime software download page.



+--------------------------------------------------------------------------------------+
; Analysis & Synthesis Summary                                                         ;
+------------------------------------+-------------------------------------------------+
; Analysis & Synthesis Status        ; Successful - Thu Aug 28 17:44:28 2025           ;
; Quartus Prime Version              ; 24.1std.0 Build 1077 03/04/2025 SC Lite Edition ;
; Revision Name                      ; ula                                             ;
; Top-level Entity Name              ; ula                                             ;
; Family                             ; Cyclone IV E                                    ;
; Total logic elements               ; 22                                              ;
;     Total combinational functions  ; 22                                              ;
;     Dedicated logic registers      ; 0                                               ;
; Total registers                    ; 0                                               ;
; Total pins                         ; 17                                              ;
; Total virtual pins                 ; 0                                               ;
; Total memory bits                  ; 0                                               ;
; Embedded Multiplier 9-bit elements ; 0                                               ;
; Total PLLs                         ; 0                                               ;
+------------------------------------+-------------------------------------------------+


+------------------------------------------------------------------------------------------------------------+
; Analysis & Synthesis Settings                                                                              ;
+------------------------------------------------------------------+--------------------+--------------------+
; Option                                                           ; Setting            ; Default Value      ;
+------------------------------------------------------------------+--------------------+--------------------+
; Device                                                           ; EP4CE115F29C7      ;                    ;
; Top-level entity name                                            ; ula                ; ula                ;
; Family name                                                      ; Cyclone IV E       ; Cyclone V          ;
; Use smart compilation                                            ; Off                ; Off                ;
; Enable parallel Assembler and Timing Analyzer during compilation ; On                 ; On                 ;
; Enable compact report table                                      ; Off                ; Off                ;
; Restructure Multiplexers                                         ; Auto               ; Auto               ;
; Create Debugging Nodes for IP Cores                              ; Off                ; Off                ;
; Preserve fewer node names                                        ; On                 ; On                 ;
; Intel FPGA IP Evaluation Mode                                    ; Enable             ; Enable             ;
; Verilog Version                                                  ; Verilog_2001       ; Verilog_2001       ;
; VHDL Version                                                     ; VHDL_1993          ; VHDL_1993          ;
; State Machine Processing                                         ; Auto               ; Auto               ;
; Safe State Machine                                               ; Off                ; Off                ;
; Extract Verilog State Machines                                   ; On                 ; On                 ;
; Extract VHDL State Machines                                      ; On                 ; On                 ;
; Ignore Verilog initial constructs                                ; Off                ; Off                ;
; Iteration limit for constant Verilog loops                       ; 5000               ; 5000               ;
; Iteration limit for non-constant Verilog loops                   ; 250                ; 250                ;
; Add Pass-Through Logic to Inferred RAMs                          ; On                 ; On                 ;
; Infer RAMs from Raw Logic                                        ; On                 ; On                 ;
; Parallel Synthesis                                               ; On                 ; On                 ;
; DSP Block Balancing                                              ; Auto               ; Auto               ;
; NOT Gate Push-Back                                               ; On                 ; On                 ;
; Power-Up Don't Care                                              ; On                 ; On                 ;
; Remove Redundant Logic Cells                                     ; Off                ; Off                ;
; Remove Duplicate Registers                                       ; On                 ; On                 ;
; Ignore CARRY Buffers                                             ; Off                ; Off                ;
; Ignore CASCADE Buffers                                           ; Off                ; Off                ;
; Ignore GLOBAL Buffers                                            ; Off                ; Off                ;
; Ignore ROW GLOBAL Buffers                                        ; Off                ; Off                ;
; Ignore LCELL Buffers                                             ; Off                ; Off                ;
; Ignore SOFT Buffers                                              ; On                 ; On                 ;
; Limit AHDL Integers to 32 Bits                                   ; Off                ; Off                ;
; Optimization Technique                                           ; Balanced           ; Balanced           ;
; Carry Chain Length                                               ; 70                 ; 70                 ;
; Auto Carry Chains                                                ; On                 ; On                 ;
; Auto Open-Drain Pins                                             ; On                 ; On                 ;
; Perform WYSIWYG Primitive Resynthesis                            ; Off                ; Off                ;
; Auto ROM Replacement                                             ; On                 ; On                 ;
; Auto RAM Replacement                                             ; On                 ; On                 ;
; Auto DSP Block Replacement                                       ; On                 ; On                 ;
; Auto Shift Register Replacement                                  ; Auto               ; Auto               ;
; Allow Shift Register Merging across Hierarchies                  ; Auto               ; Auto               ;
; Auto Clock Enable Replacement                                    ; On                 ; On                 ;
; Strict RAM Replacement                                           ; Off                ; Off                ;
; Allow Synchronous Control Signals                                ; On                 ; On                 ;
; Force Use of Synchronous Clear Signals                           ; Off                ; Off                ;
; Auto RAM Block Balancing                                         ; On                 ; On                 ;
; Auto RAM to Logic Cell Conversion                                ; Off                ; Off                ;
; Auto Resource Sharing                                            ; Off                ; Off                ;
; Allow Any RAM Size For Recognition                               ; Off                ; Off                ;
; Allow Any ROM Size For Recognition                               ; Off                ; Off                ;
; Allow Any Shift Register Size For Recognition                    ; Off                ; Off                ;
; Use LogicLock Constraints during Resource Balancing              ; On                 ; On                 ;
; Ignore translate_off and synthesis_off directives                ; Off                ; Off                ;
; Timing-Driven Synthesis                                          ; On                 ; On                 ;
; Report Parameter Settings                                        ; On                 ; On                 ;
; Report Source Assignments                                        ; On                 ; On                 ;
; Report Connectivity Checks                                       ; On                 ; On                 ;
; Ignore Maximum Fan-Out Assignments                               ; Off                ; Off                ;
; Synchronization Register Chain Length                            ; 2                  ; 2                  ;
; Power Optimization During Synthesis                              ; Normal compilation ; Normal compilation ;
; HDL message level                                                ; Level2             ; Level2             ;
; Suppress Register Optimization Related Messages                  ; Off                ; Off                ;
; Number of Removed Registers Reported in Synthesis Report         ; 5000               ; 5000               ;
; Number of Swept Nodes Reported in Synthesis Report               ; 5000               ; 5000               ;
; Number of Inverted Registers Reported in Synthesis Report        ; 100                ; 100                ;
; Clock MUX Protection                                             ; On                 ; On                 ;
; Auto Gated Clock Conversion                                      ; Off                ; Off                ;
; Block Design Naming                                              ; Auto               ; Auto               ;
; SDC constraint protection                                        ; Off                ; Off                ;
; Synthesis Effort                                                 ; Auto               ; Auto               ;
; Shift Register Replacement - Allow Asynchronous Clear Signal     ; On                 ; On                 ;
; Pre-Mapping Resynthesis Optimization                             ; Off                ; Off                ;
; Analysis & Synthesis Message Level                               ; Medium             ; Medium             ;
; Disable Register Merging Across Hierarchies                      ; Auto               ; Auto               ;
; Resource Aware Inference For Block RAM                           ; On                 ; On                 ;
+------------------------------------------------------------------+--------------------+--------------------+


+------------------------------------------+
; Parallel Compilation                     ;
+----------------------------+-------------+
; Processors                 ; Number      ;
+----------------------------+-------------+
; Number detected on machine ; 12          ;
; Maximum allowed            ; 8           ;
;                            ;             ;
; Average used               ; 1.00        ;
; Maximum used               ; 1           ;
;                            ;             ;
; Usage by Processor         ; % Time Used ;
;     Processor 1            ; 100.0%      ;
+----------------------------+-------------+


+------------------------------------------------------------------------------------------------------------------------------------------------------------------------------------+
; Analysis & Synthesis Source Files Read                                                                                                                                             ;
+----------------------------------+-----------------+------------------------------------------+--------------------------------------------------------------------------+---------+
; File Name with User-Entered Path ; Used in Netlist ; File Type                                ; File Name with Absolute Path                                             ; Library ;
+----------------------------------+-----------------+------------------------------------------+--------------------------------------------------------------------------+---------+
; fulladder.bdf                    ; yes             ; User Block Diagram/Schematic File        ; C:/Users/16885592/Desktop/ULA/fulladder.bdf                              ;         ;
; sum4.bdf                         ; yes             ; User Block Diagram/Schematic File        ; C:/Users/16885592/Desktop/ULA/sum4.bdf                                   ;         ;
; subtrator.bdf                    ; yes             ; User Block Diagram/Schematic File        ; C:/Users/16885592/Desktop/ULA/subtrator.bdf                              ;         ;
; sub4.bdf                         ; yes             ; User Block Diagram/Schematic File        ; C:/Users/16885592/Desktop/ULA/sub4.bdf                                   ;         ;
; ula.bdf                          ; yes             ; User Block Diagram/Schematic File        ; C:/Users/16885592/Desktop/ULA/ula.bdf                                    ;         ;
; saMU4.v                          ; yes             ; User Wizard-Generated File               ; C:/Users/16885592/Desktop/ULA/saMU4.v                                    ;         ;
; display.bdf                      ; yes             ; Auto-Found Block Diagram/Schematic File  ; C:/Users/16885592/Desktop/ULA/display.bdf                                ;         ;
; lpm_mux.tdf                      ; yes             ; Megafunction                             ; c:/intelfpga_lite/24.1std/quartus/libraries/megafunctions/lpm_mux.tdf    ;         ;
; aglobal241.inc                   ; yes             ; Megafunction                             ; c:/intelfpga_lite/24.1std/quartus/libraries/megafunctions/aglobal241.inc ;         ;
; muxlut.inc                       ; yes             ; Megafunction                             ; c:/intelfpga_lite/24.1std/quartus/libraries/megafunctions/muxlut.inc     ;         ;
; bypassff.inc                     ; yes             ; Megafunction                             ; c:/intelfpga_lite/24.1std/quartus/libraries/megafunctions/bypassff.inc   ;         ;
; altshift.inc                     ; yes             ; Megafunction                             ; c:/intelfpga_lite/24.1std/quartus/libraries/megafunctions/altshift.inc   ;         ;
; db/mux_drc.tdf                   ; yes             ; Auto-Generated Megafunction              ; C:/Users/16885592/Desktop/ULA/db/mux_drc.tdf                             ;         ;
; multiplicador.bdf                ; yes             ; Auto-Found Block Diagram/Schematic File  ; C:/Users/16885592/Desktop/ULA/multiplicador.bdf                          ;         ;
; divisor.bdf                      ; yes             ; Auto-Found Block Diagram/Schematic File  ; C:/Users/16885592/Desktop/ULA/divisor.bdf                                ;         ;
+----------------------------------+-----------------+------------------------------------------+--------------------------------------------------------------------------+---------+


+--------------------------------------------------------------+
; Analysis & Synthesis Resource Usage Summary                  ;
+---------------------------------------------+----------------+
; Resource                                    ; Usage          ;
+---------------------------------------------+----------------+
; Estimated Total logic elements              ; 22             ;
;                                             ;                ;
; Total combinational functions               ; 22             ;
; Logic element usage by number of LUT inputs ;                ;
;     -- 4 input functions                    ; 19             ;
;     -- 3 input functions                    ; 2              ;
;     -- <=2 input functions                  ; 1              ;
;                                             ;                ;
; Logic elements by mode                      ;                ;
;     -- normal mode                          ; 22             ;
;     -- arithmetic mode                      ; 0              ;
;                                             ;                ;
; Total registers                             ; 0              ;
;     -- Dedicated logic registers            ; 0              ;
;     -- I/O registers                        ; 0              ;
;                                             ;                ;
; I/O pins                                    ; 17             ;
;                                             ;                ;
; Embedded Multiplier 9-bit elements          ; 0              ;
;                                             ;                ;
; Maximum fan-out node                        ; Seletor0~input ;
; Maximum fan-out                             ; 10             ;
; Total fan-out                               ; 108            ;
; Average fan-out                             ; 1.93           ;
+---------------------------------------------+----------------+


+--------------------------------------------------------------------------------------------------------------------------------------------------------------------------------------------------------------------------------------------------------------+
; Analysis & Synthesis Resource Utilization by Entity                                                                                                                                                                                                          ;
+-----------------------------------+---------------------+---------------------------+-------------+--------------+---------+-----------+------+--------------+------------------------------------------------------------------+-------------+--------------+
; Compilation Hierarchy Node        ; Combinational ALUTs ; Dedicated Logic Registers ; Memory Bits ; DSP Elements ; DSP 9x9 ; DSP 18x18 ; Pins ; Virtual Pins ; Full Hierarchy Name                                              ; Entity Name ; Library Name ;
+-----------------------------------+---------------------+---------------------------+-------------+--------------+---------+-----------+------+--------------+------------------------------------------------------------------+-------------+--------------+
; |ula                              ; 22 (0)              ; 0 (0)                     ; 0           ; 0            ; 0       ; 0         ; 17   ; 0            ; |ula                                                             ; ula         ; work         ;
;    |display:inst1|                ; 7 (7)               ; 0 (0)                     ; 0           ; 0            ; 0       ; 0         ; 0    ; 0            ; |ula|display:inst1                                               ; display     ; work         ;
;    |saMU4:inst|                   ; 10 (0)              ; 0 (0)                     ; 0           ; 0            ; 0       ; 0         ; 0    ; 0            ; |ula|saMU4:inst                                                  ; saMU4       ; work         ;
;       |lpm_mux:LPM_MUX_component| ; 10 (0)              ; 0 (0)                     ; 0           ; 0            ; 0       ; 0         ; 0    ; 0            ; |ula|saMU4:inst|lpm_mux:LPM_MUX_component                        ; lpm_mux     ; work         ;
;          |mux_drc:auto_generated| ; 10 (10)             ; 0 (0)                     ; 0           ; 0            ; 0       ; 0         ; 0    ; 0            ; |ula|saMU4:inst|lpm_mux:LPM_MUX_component|mux_drc:auto_generated ; mux_drc     ; work         ;
;    |sub4:inst9|                   ; 3 (0)               ; 0 (0)                     ; 0           ; 0            ; 0       ; 0         ; 0    ; 0            ; |ula|sub4:inst9                                                  ; sub4        ; work         ;
;       |subtrator:inst6|           ; 1 (1)               ; 0 (0)                     ; 0           ; 0            ; 0       ; 0         ; 0    ; 0            ; |ula|sub4:inst9|subtrator:inst6                                  ; subtrator   ; work         ;
;       |subtrator:inst8|           ; 2 (2)               ; 0 (0)                     ; 0           ; 0            ; 0       ; 0         ; 0    ; 0            ; |ula|sub4:inst9|subtrator:inst8                                  ; subtrator   ; work         ;
;    |sum4:inst10|                  ; 2 (0)               ; 0 (0)                     ; 0           ; 0            ; 0       ; 0         ; 0    ; 0            ; |ula|sum4:inst10                                                 ; sum4        ; work         ;
;       |fulladder:inst3|           ; 1 (1)               ; 0 (0)                     ; 0           ; 0            ; 0       ; 0         ; 0    ; 0            ; |ula|sum4:inst10|fulladder:inst3                                 ; fulladder   ; work         ;
;       |fulladder:inst|            ; 1 (1)               ; 0 (0)                     ; 0           ; 0            ; 0       ; 0         ; 0    ; 0            ; |ula|sum4:inst10|fulladder:inst                                  ; fulladder   ; work         ;
+-----------------------------------+---------------------+---------------------------+-------------+--------------+---------+-----------+------+--------------+------------------------------------------------------------------+-------------+--------------+
Note: For table entries with two numbers listed, the numbers in parentheses indicate the number of resources of the given type used by the specific entity alone. The numbers listed outside of parentheses indicate the total resources of the given type used by the specific entity and all of its sub-entities in the hierarchy.


+---------------------------------------------------------------------------------------------------+
; Analysis & Synthesis IP Cores Summary                                                             ;
+--------+--------------+---------+--------------+--------------+-----------------+-----------------+
; Vendor ; IP Core Name ; Version ; Release Date ; License Type ; Entity Instance ; IP Include File ;
+--------+--------------+---------+--------------+--------------+-----------------+-----------------+
; Altera ; LPM_MUX      ; 24.1    ; N/A          ; N/A          ; |ula|saMU4:inst ; saMU4.v         ;
+--------+--------------+---------+--------------+--------------+-----------------+-----------------+


+------------------------------------------------------+
; General Register Statistics                          ;
+----------------------------------------------+-------+
; Statistic                                    ; Value ;
+----------------------------------------------+-------+
; Total registers                              ; 0     ;
; Number of registers using Synchronous Clear  ; 0     ;
; Number of registers using Synchronous Load   ; 0     ;
; Number of registers using Asynchronous Clear ; 0     ;
; Number of registers using Asynchronous Load  ; 0     ;
; Number of registers using Clock Enable       ; 0     ;
; Number of registers using Preset             ; 0     ;
+----------------------------------------------+-------+


+-----------------------------------------------------------------------------------+
; Parameter Settings for User Entity Instance: saMU4:inst|lpm_mux:LPM_MUX_component ;
+------------------------+--------------+-------------------------------------------+
; Parameter Name         ; Value        ; Type                                      ;
+------------------------+--------------+-------------------------------------------+
; AUTO_CARRY_CHAINS      ; ON           ; AUTO_CARRY                                ;
; IGNORE_CARRY_BUFFERS   ; OFF          ; IGNORE_CARRY                              ;
; AUTO_CASCADE_CHAINS    ; ON           ; AUTO_CASCADE                              ;
; IGNORE_CASCADE_BUFFERS ; OFF          ; IGNORE_CASCADE                            ;
; LPM_WIDTH              ; 4            ; Signed Integer                            ;
; LPM_SIZE               ; 4            ; Signed Integer                            ;
; LPM_WIDTHS             ; 2            ; Signed Integer                            ;
; LPM_PIPELINE           ; 0            ; Untyped                                   ;
; CBXI_PARAMETER         ; mux_drc      ; Untyped                                   ;
; DEVICE_FAMILY          ; Cyclone IV E ; Untyped                                   ;
+------------------------+--------------+-------------------------------------------+
Note: In order to hide this table in the UI and the text report file, please set the "Show Parameter Settings in Synthesis Report" option in "Analysis and Synthesis Settings -> More Settings" to "Off".


+-----------------------------------------------------+
; Post-Synthesis Netlist Statistics for Top Partition ;
+-----------------------+-----------------------------+
; Type                  ; Count                       ;
+-----------------------+-----------------------------+
; boundary_port         ; 17                          ;
; cycloneiii_lcell_comb ; 22                          ;
;     normal            ; 22                          ;
;         2 data inputs ; 1                           ;
;         3 data inputs ; 2                           ;
;         4 data inputs ; 19                          ;
;                       ;                             ;
; Max LUT depth         ; 5.00                        ;
; Average LUT depth     ; 4.31                        ;
+-----------------------+-----------------------------+


+-------------------------------+
; Elapsed Time Per Partition    ;
+----------------+--------------+
; Partition Name ; Elapsed Time ;
+----------------+--------------+
; Top            ; 00:00:00     ;
+----------------+--------------+


+-------------------------------+
; Analysis & Synthesis Messages ;
+-------------------------------+
Info: *******************************************************************
Info: Running Quartus Prime Analysis & Synthesis
    Info: Version 24.1std.0 Build 1077 03/04/2025 SC Lite Edition
    Info: Processing started: Thu Aug 28 17:44:22 2025
Info: Command: quartus_map --read_settings_files=on --write_settings_files=off ula -c ula
Warning (18236): Number of processors has not been specified which may cause overloading on shared machines.  Set the global assignment NUM_PARALLEL_PROCESSORS in your QSF to an appropriate value for best performance.
Info (20030): Parallel compilation is enabled and will use 8 of the 8 processors detected
Info (12021): Found 1 design units, including 1 entities, in source file fulladder.bdf
    Info (12023): Found entity 1: fulladder
Info (12021): Found 1 design units, including 1 entities, in source file sum4.bdf
    Info (12023): Found entity 1: sum4
Info (12021): Found 1 design units, including 1 entities, in source file subtrator.bdf
    Info (12023): Found entity 1: subtrator
Info (12021): Found 1 design units, including 1 entities, in source file sub4.bdf
    Info (12023): Found entity 1: sub4
Info (12021): Found 1 design units, including 1 entities, in source file ula.bdf
    Info (12023): Found entity 1: ula
Info (12021): Found 1 design units, including 1 entities, in source file samu4.v
    Info (12023): Found entity 1: saMU4 File: C:/Users/16885592/Desktop/ULA/saMU4.v Line: 40
Info (12127): Elaborating entity "ula" for the top level hierarchy
Warning (12125): Using design file display.bdf, which is not specified as a design file for the current project, but contains definitions for 1 design units and 1 entities in project
    Info (12023): Found entity 1: display
Info (12128): Elaborating entity "display" for hierarchy "display:inst1"
Info (12128): Elaborating entity "saMU4" for hierarchy "saMU4:inst"
Info (12128): Elaborating entity "lpm_mux" for hierarchy "saMU4:inst|lpm_mux:LPM_MUX_component" File: C:/Users/16885592/Desktop/ULA/saMU4.v Line: 73
Info (12130): Elaborated megafunction instantiation "saMU4:inst|lpm_mux:LPM_MUX_component" File: C:/Users/16885592/Desktop/ULA/saMU4.v Line: 73
Info (12133): Instantiated megafunction "saMU4:inst|lpm_mux:LPM_MUX_component" with the following parameter: File: C:/Users/16885592/Desktop/ULA/saMU4.v Line: 73
    Info (12134): Parameter "lpm_size" = "4"
    Info (12134): Parameter "lpm_type" = "LPM_MUX"
    Info (12134): Parameter "lpm_width" = "4"
    Info (12134): Parameter "lpm_widths" = "2"
Info (12021): Found 1 design units, including 1 entities, in source file db/mux_drc.tdf
    Info (12023): Found entity 1: mux_drc File: C:/Users/16885592/Desktop/ULA/db/mux_drc.tdf Line: 23
Info (12128): Elaborating entity "mux_drc" for hierarchy "saMU4:inst|lpm_mux:LPM_MUX_component|mux_drc:auto_generated" File: c:/intelfpga_lite/24.1std/quartus/libraries/megafunctions/lpm_mux.tdf Line: 87
Info (12128): Elaborating entity "sum4" for hierarchy "sum4:inst10"
Warning (275008): Primitive "GND" of instance "inst1" not used
Info (12128): Elaborating entity "fulladder" for hierarchy "sum4:inst10|fulladder:inst4"
Warning (12125): Using design file multiplicador.bdf, which is not specified as a design file for the current project, but contains definitions for 1 design units and 1 entities in project
    Info (12023): Found entity 1: multiplicador
Info (12128): Elaborating entity "multiplicador" for hierarchy "multiplicador:inst14"
Warning (275009): Pin "x3" not connected
Warning (275008): Primitive "GND" of instance "inst1" not used
Info (12128): Elaborating entity "sub4" for hierarchy "sub4:inst9"
Warning (275008): Primitive "GND" of instance "inst4" not used
Info (12128): Elaborating entity "subtrator" for hierarchy "sub4:inst9|subtrator:inst5"
Warning (12125): Using design file divisor.bdf, which is not specified as a design file for the current project, but contains definitions for 1 design units and 1 entities in project
    Info (12023): Found entity 1: divisor
Info (12128): Elaborating entity "divisor" for hierarchy "divisor:inst13"
Warning (275009): Pin "x0" not connected
Warning (275008): Primitive "GND" of instance "inst1" not used
Info (286030): Timing-Driven Synthesis is running
Info (16010): Generating hard_block partition "hard_block:auto_generated_inst"
    Info (16011): Adding 0 node(s), including 0 DDIO, 0 PLL, 0 transceiver and 0 LCELL
Info (21057): Implemented 39 device resources after synthesis - the final resource count might be different
    Info (21058): Implemented 10 input pins
    Info (21059): Implemented 7 output pins
    Info (21061): Implemented 22 logic cells
Info: Quartus Prime Analysis & Synthesis was successful. 0 errors, 10 warnings
    Info: Peak virtual memory: 4800 megabytes
    Info: Processing ended: Thu Aug 28 17:44:28 2025
    Info: Elapsed time: 00:00:06
    Info: Total CPU time (on all processors): 00:00:13


